[debug] [2022-03-26T13:24:44.937Z] ----------------------------------------------------------------------
[debug] [2022-03-26T13:24:44.938Z] Command:       /usr/local/bin/node /usr/local/bin/firebase serve --port=9000
[debug] [2022-03-26T13:24:44.938Z] CLI Version:   10.4.0
[debug] [2022-03-26T13:24:44.938Z] Platform:      darwin
[debug] [2022-03-26T13:24:44.938Z] Node Version:  v17.7.2
[debug] [2022-03-26T13:24:44.939Z] Time:          Sat Mar 26 2022 22:24:44 GMT+0900 (대한민국 표준시)
[debug] [2022-03-26T13:24:44.939Z] ----------------------------------------------------------------------
[debug] 
[debug] [2022-03-26T13:24:44.965Z] > command requires scopes: ["email","openid","https://www.googleapis.com/auth/cloudplatformprojects.readonly","https://www.googleapis.com/auth/firebase","https://www.googleapis.com/auth/cloud-platform"]
[debug] [2022-03-26T13:24:44.966Z] > authorizing via signed-in user (info@thepool.network)
[debug] [2022-03-26T13:24:44.966Z] [iam] checking project thepool-network for permissions ["firebase.projects.get"]
[debug] [2022-03-26T13:24:44.967Z] >>> [apiv2][query] POST https://cloudresourcemanager.googleapis.com/v1/projects/thepool-network:testIamPermissions [none]
[debug] [2022-03-26T13:24:44.967Z] >>> [apiv2][body] POST https://cloudresourcemanager.googleapis.com/v1/projects/thepool-network:testIamPermissions {"permissions":["firebase.projects.get"]}
[debug] [2022-03-26T13:24:45.914Z] <<< [apiv2][status] POST https://cloudresourcemanager.googleapis.com/v1/projects/thepool-network:testIamPermissions 200
[debug] [2022-03-26T13:24:45.914Z] <<< [apiv2][body] POST https://cloudresourcemanager.googleapis.com/v1/projects/thepool-network:testIamPermissions {"permissions":["firebase.projects.get"]}
[debug] [2022-03-26T13:24:45.916Z] >>> [apiv2][query] GET https://firebase.googleapis.com/v1beta1/projects/thepool-network [none]
[debug] [2022-03-26T13:24:46.353Z] <<< [apiv2][status] GET https://firebase.googleapis.com/v1beta1/projects/thepool-network 200
[debug] [2022-03-26T13:24:46.354Z] <<< [apiv2][body] GET https://firebase.googleapis.com/v1beta1/projects/thepool-network {"projectId":"thepool-network","projectNumber":"175176652716","displayName":"thepool-network","name":"projects/thepool-network","resources":{"hostingSite":"thepool-network","storageBucket":"thepool-network.appspot.com","locationId":"asia-northeast3"},"state":"ACTIVE"}
[info] 
[info] === Serving from '/Users/sunbeom/Documents/GitHub/pool-backend'...
[info] 
[debug] [2022-03-26T13:24:46.356Z] >>> [apiv2][query] GET https://firebasehosting.googleapis.com/v1beta1/projects/thepool-network/sites 
[debug] [2022-03-26T13:24:47.535Z] <<< [apiv2][status] GET https://firebasehosting.googleapis.com/v1beta1/projects/thepool-network/sites 200
[debug] [2022-03-26T13:24:47.536Z] <<< [apiv2][body] GET https://firebasehosting.googleapis.com/v1beta1/projects/thepool-network/sites {"sites":[{"name":"projects/175176652716/sites/thepool-network","defaultUrl":"https://thepool-network.web.app","appId":"1:175176652716:web:b619e1f4145a86a3a18c09","type":"DEFAULT_SITE"}]}
[debug] [2022-03-26T13:24:47.536Z] >>> [apiv2][query] GET https://firebase.googleapis.com/v1beta1/projects/thepool-network/webApps/1:175176652716:web:b619e1f4145a86a3a18c09/config [none]
[debug] [2022-03-26T13:24:48.898Z] <<< [apiv2][status] GET https://firebase.googleapis.com/v1beta1/projects/thepool-network/webApps/1:175176652716:web:b619e1f4145a86a3a18c09/config 200
[debug] [2022-03-26T13:24:48.898Z] <<< [apiv2][body] GET https://firebase.googleapis.com/v1beta1/projects/thepool-network/webApps/1:175176652716:web:b619e1f4145a86a3a18c09/config {"projectId":"thepool-network","appId":"1:175176652716:web:b619e1f4145a86a3a18c09","storageBucket":"thepool-network.appspot.com","locationId":"asia-northeast3","apiKey":"AIzaSyAJBr6vj4FDl8qXefIp67SW7wnkhDiAhYc","authDomain":"thepool-network.firebaseapp.com","messagingSenderId":"175176652716","measurementId":"G-KLWRLPPM6H"}
[info] i  hosting: Serving hosting files from: public {"metadata":{"emulator":{"name":"hosting"},"message":"Serving hosting files from: \u001b[1mpublic\u001b[22m"}}
[info] ✔  hosting: Local server: http://localhost:9000 {"metadata":{"emulator":{"name":"hosting"},"message":"Local server: \u001b[4m\u001b[1mhttp://localhost:9000\u001b[22m\u001b[24m"}}
[info] i  hosting: ::1 - - [26/Mar/2022:13:24:51 +0000] "GET / HTTP/1.1" 200 1379 "-" "Mozilla/5.0 (Macintosh; Intel Mac OS X 10_15_7) AppleWebKit/537.36 (KHTML, like Gecko) Chrome/99.0.4844.83 Safari/537.36" {"metadata":{"emulator":{"name":"hosting"},"message":"::1 - - [26/Mar/2022:13:24:51 +0000] \"GET / HTTP/1.1\" 200 1379 \"-\" \"Mozilla/5.0 (Macintosh; Intel Mac OS X 10_15_7) AppleWebKit/537.36 (KHTML, like Gecko) Chrome/99.0.4844.83 Safari/537.36\""}}
[info] i  hosting: ::1 - - [26/Mar/2022:13:24:52 +0000] "GET /favicon.ico HTTP/1.1" 404 1808 "http://localhost:9000/" "Mozilla/5.0 (Macintosh; Intel Mac OS X 10_15_7) AppleWebKit/537.36 (KHTML, like Gecko) Chrome/99.0.4844.83 Safari/537.36" {"metadata":{"emulator":{"name":"hosting"},"message":"::1 - - [26/Mar/2022:13:24:52 +0000] \"GET /favicon.ico HTTP/1.1\" 404 1808 \"http://localhost:9000/\" \"Mozilla/5.0 (Macintosh; Intel Mac OS X 10_15_7) AppleWebKit/537.36 (KHTML, like Gecko) Chrome/99.0.4844.83 Safari/537.36\""}}
[info] i  hosting: ::1 - - [26/Mar/2022:13:26:08 +0000] "GET /Splash.html HTTP/1.1" 200 826 "-" "Mozilla/5.0 (Macintosh; Intel Mac OS X 10_15_7) AppleWebKit/537.36 (KHTML, like Gecko) Chrome/99.0.4844.83 Safari/537.36" {"metadata":{"emulator":{"name":"hosting"},"message":"::1 - - [26/Mar/2022:13:26:08 +0000] \"GET /Splash.html HTTP/1.1\" 200 826 \"-\" \"Mozilla/5.0 (Macintosh; Intel Mac OS X 10_15_7) AppleWebKit/537.36 (KHTML, like Gecko) Chrome/99.0.4844.83 Safari/537.36\""}}
[info] i  hosting: ::1 - - [26/Mar/2022:13:26:08 +0000] "GET /css/index.css HTTP/1.1" 200 2965 "http://localhost:9000/Splash.html" "Mozilla/5.0 (Macintosh; Intel Mac OS X 10_15_7) AppleWebKit/537.36 (KHTML, like Gecko) Chrome/99.0.4844.83 Safari/537.36" {"metadata":{"emulator":{"name":"hosting"},"message":"::1 - - [26/Mar/2022:13:26:08 +0000] \"GET /css/index.css HTTP/1.1\" 200 2965 \"http://localhost:9000/Splash.html\" \"Mozilla/5.0 (Macintosh; Intel Mac OS X 10_15_7) AppleWebKit/537.36 (KHTML, like Gecko) Chrome/99.0.4844.83 Safari/537.36\""}}
[info] i  hosting: ::1 - - [26/Mar/2022:13:26:08 +0000] "GET /img/pool_logo.svg HTTP/1.1" 200 687 "http://localhost:9000/Splash.html" "Mozilla/5.0 (Macintosh; Intel Mac OS X 10_15_7) AppleWebKit/537.36 (KHTML, like Gecko) Chrome/99.0.4844.83 Safari/537.36" {"metadata":{"emulator":{"name":"hosting"},"message":"::1 - - [26/Mar/2022:13:26:08 +0000] \"GET /img/pool_logo.svg HTTP/1.1\" 200 687 \"http://localhost:9000/Splash.html\" \"Mozilla/5.0 (Macintosh; Intel Mac OS X 10_15_7) AppleWebKit/537.36 (KHTML, like Gecko) Chrome/99.0.4844.83 Safari/537.36\""}}
[info] i  hosting: ::1 - - [26/Mar/2022:13:26:24 +0000] "GET /FeedPage.html HTTP/1.1" 200 10031 "-" "Mozilla/5.0 (Macintosh; Intel Mac OS X 10_15_7) AppleWebKit/537.36 (KHTML, like Gecko) Chrome/99.0.4844.83 Safari/537.36" {"metadata":{"emulator":{"name":"hosting"},"message":"::1 - - [26/Mar/2022:13:26:24 +0000] \"GET /FeedPage.html HTTP/1.1\" 200 10031 \"-\" \"Mozilla/5.0 (Macintosh; Intel Mac OS X 10_15_7) AppleWebKit/537.36 (KHTML, like Gecko) Chrome/99.0.4844.83 Safari/537.36\""}}
[info] i  hosting: ::1 - - [26/Mar/2022:13:26:24 +0000] "GET /img/pool_app_icon.png HTTP/1.1" 200 745 "http://localhost:9000/FeedPage.html" "Mozilla/5.0 (Macintosh; Intel Mac OS X 10_15_7) AppleWebKit/537.36 (KHTML, like Gecko) Chrome/99.0.4844.83 Safari/537.36" {"metadata":{"emulator":{"name":"hosting"},"message":"::1 - - [26/Mar/2022:13:26:24 +0000] \"GET /img/pool_app_icon.png HTTP/1.1\" 200 745 \"http://localhost:9000/FeedPage.html\" \"Mozilla/5.0 (Macintosh; Intel Mac OS X 10_15_7) AppleWebKit/537.36 (KHTML, like Gecko) Chrome/99.0.4844.83 Safari/537.36\""}}
[info] i  hosting: ::1 - - [26/Mar/2022:13:26:24 +0000] "GET /img/profile_sample.jpg HTTP/1.1" 200 2425 "http://localhost:9000/FeedPage.html" "Mozilla/5.0 (Macintosh; Intel Mac OS X 10_15_7) AppleWebKit/537.36 (KHTML, like Gecko) Chrome/99.0.4844.83 Safari/537.36" {"metadata":{"emulator":{"name":"hosting"},"message":"::1 - - [26/Mar/2022:13:26:24 +0000] \"GET /img/profile_sample.jpg HTTP/1.1\" 200 2425 \"http://localhost:9000/FeedPage.html\" \"Mozilla/5.0 (Macintosh; Intel Mac OS X 10_15_7) AppleWebKit/537.36 (KHTML, like Gecko) Chrome/99.0.4844.83 Safari/537.36\""}}
[info] i  hosting: ::1 - - [26/Mar/2022:13:26:24 +0000] "GET /img/embed_img_sample.jpg HTTP/1.1" 200 62665 "http://localhost:9000/FeedPage.html" "Mozilla/5.0 (Macintosh; Intel Mac OS X 10_15_7) AppleWebKit/537.36 (KHTML, like Gecko) Chrome/99.0.4844.83 Safari/537.36" {"metadata":{"emulator":{"name":"hosting"},"message":"::1 - - [26/Mar/2022:13:26:24 +0000] \"GET /img/embed_img_sample.jpg HTTP/1.1\" 200 62665 \"http://localhost:9000/FeedPage.html\" \"Mozilla/5.0 (Macintosh; Intel Mac OS X 10_15_7) AppleWebKit/537.36 (KHTML, like Gecko) Chrome/99.0.4844.83 Safari/537.36\""}}
[info] i  hosting: ::1 - - [26/Mar/2022:13:26:24 +0000] "GET /img/profile_sample2.jpg HTTP/1.1" 200 249339 "http://localhost:9000/FeedPage.html" "Mozilla/5.0 (Macintosh; Intel Mac OS X 10_15_7) AppleWebKit/537.36 (KHTML, like Gecko) Chrome/99.0.4844.83 Safari/537.36" {"metadata":{"emulator":{"name":"hosting"},"message":"::1 - - [26/Mar/2022:13:26:24 +0000] \"GET /img/profile_sample2.jpg HTTP/1.1\" 200 249339 \"http://localhost:9000/FeedPage.html\" \"Mozilla/5.0 (Macintosh; Intel Mac OS X 10_15_7) AppleWebKit/537.36 (KHTML, like Gecko) Chrome/99.0.4844.83 Safari/537.36\""}}
[info] i  hosting: ::1 - - [26/Mar/2022:13:27:13 +0000] "GET /ProfilePage.html HTTP/1.1" 200 9690 "-" "Mozilla/5.0 (Linux; Android 6.0; Nexus 5 Build/MRA58N) AppleWebKit/537.36 (KHTML, like Gecko) Chrome/99.0.4844.83 Mobile Safari/537.36" {"metadata":{"emulator":{"name":"hosting"},"message":"::1 - - [26/Mar/2022:13:27:13 +0000] \"GET /ProfilePage.html HTTP/1.1\" 200 9690 \"-\" \"Mozilla/5.0 (Linux; Android 6.0; Nexus 5 Build/MRA58N) AppleWebKit/537.36 (KHTML, like Gecko) Chrome/99.0.4844.83 Mobile Safari/537.36\""}}
[info] i  hosting: ::1 - - [26/Mar/2022:13:27:13 +0000] "GET /css/profile.css HTTP/1.1" 200 1771 "http://localhost:9000/ProfilePage.html" "Mozilla/5.0 (Linux; Android 6.0; Nexus 5 Build/MRA58N) AppleWebKit/537.36 (KHTML, like Gecko) Chrome/99.0.4844.83 Mobile Safari/537.36" {"metadata":{"emulator":{"name":"hosting"},"message":"::1 - - [26/Mar/2022:13:27:13 +0000] \"GET /css/profile.css HTTP/1.1\" 200 1771 \"http://localhost:9000/ProfilePage.html\" \"Mozilla/5.0 (Linux; Android 6.0; Nexus 5 Build/MRA58N) AppleWebKit/537.36 (KHTML, like Gecko) Chrome/99.0.4844.83 Mobile Safari/537.36\""}}
[info] i  hosting: ::1 - - [26/Mar/2022:13:27:13 +0000] "GET /img/banner_sample.jfif HTTP/1.1" 200 57776 "http://localhost:9000/ProfilePage.html" "Mozilla/5.0 (Linux; Android 6.0; Nexus 5 Build/MRA58N) AppleWebKit/537.36 (KHTML, like Gecko) Chrome/99.0.4844.83 Mobile Safari/537.36" {"metadata":{"emulator":{"name":"hosting"},"message":"::1 - - [26/Mar/2022:13:27:13 +0000] \"GET /img/banner_sample.jfif HTTP/1.1\" 200 57776 \"http://localhost:9000/ProfilePage.html\" \"Mozilla/5.0 (Linux; Android 6.0; Nexus 5 Build/MRA58N) AppleWebKit/537.36 (KHTML, like Gecko) Chrome/99.0.4844.83 Mobile Safari/537.36\""}}
[info] i  hosting: ::1 - - [26/Mar/2022:13:27:13 +0000] "GET /css/index.css HTTP/1.1" 200 2965 "http://localhost:9000/ProfilePage.html" "Mozilla/5.0 (Linux; Android 6.0; Nexus 5 Build/MRA58N) AppleWebKit/537.36 (KHTML, like Gecko) Chrome/99.0.4844.83 Mobile Safari/537.36" {"metadata":{"emulator":{"name":"hosting"},"message":"::1 - - [26/Mar/2022:13:27:13 +0000] \"GET /css/index.css HTTP/1.1\" 200 2965 \"http://localhost:9000/ProfilePage.html\" \"Mozilla/5.0 (Linux; Android 6.0; Nexus 5 Build/MRA58N) AppleWebKit/537.36 (KHTML, like Gecko) Chrome/99.0.4844.83 Mobile Safari/537.36\""}}
[info] i  hosting: ::1 - - [26/Mar/2022:13:27:13 +0000] "GET /img/youtube.png HTTP/1.1" 200 755 "http://localhost:9000/ProfilePage.html" "Mozilla/5.0 (Linux; Android 6.0; Nexus 5 Build/MRA58N) AppleWebKit/537.36 (KHTML, like Gecko) Chrome/99.0.4844.83 Mobile Safari/537.36" {"metadata":{"emulator":{"name":"hosting"},"message":"::1 - - [26/Mar/2022:13:27:13 +0000] \"GET /img/youtube.png HTTP/1.1\" 200 755 \"http://localhost:9000/ProfilePage.html\" \"Mozilla/5.0 (Linux; Android 6.0; Nexus 5 Build/MRA58N) AppleWebKit/537.36 (KHTML, like Gecko) Chrome/99.0.4844.83 Mobile Safari/537.36\""}}
[info] i  hosting: ::1 - - [26/Mar/2022:13:27:13 +0000] "GET /img/alarm_embed_img_sample.jpg HTTP/1.1" 200 24794 "http://localhost:9000/ProfilePage.html" "Mozilla/5.0 (Linux; Android 6.0; Nexus 5 Build/MRA58N) AppleWebKit/537.36 (KHTML, like Gecko) Chrome/99.0.4844.83 Mobile Safari/537.36" {"metadata":{"emulator":{"name":"hosting"},"message":"::1 - - [26/Mar/2022:13:27:13 +0000] \"GET /img/alarm_embed_img_sample.jpg HTTP/1.1\" 200 24794 \"http://localhost:9000/ProfilePage.html\" \"Mozilla/5.0 (Linux; Android 6.0; Nexus 5 Build/MRA58N) AppleWebKit/537.36 (KHTML, like Gecko) Chrome/99.0.4844.83 Mobile Safari/537.36\""}}
[info] i  hosting: ::1 - - [26/Mar/2022:13:27:36 +0000] "GET /EditProfilePage.html HTTP/1.1" 200 2170 "-" "Mozilla/5.0 (Linux; Android 6.0; Nexus 5 Build/MRA58N) AppleWebKit/537.36 (KHTML, like Gecko) Chrome/99.0.4844.83 Mobile Safari/537.36" {"metadata":{"emulator":{"name":"hosting"},"message":"::1 - - [26/Mar/2022:13:27:36 +0000] \"GET /EditProfilePage.html HTTP/1.1\" 200 2170 \"-\" \"Mozilla/5.0 (Linux; Android 6.0; Nexus 5 Build/MRA58N) AppleWebKit/537.36 (KHTML, like Gecko) Chrome/99.0.4844.83 Mobile Safari/537.36\""}}
[info] i  hosting: ::1 - - [26/Mar/2022:13:27:36 +0000] "GET /css/editProfile.css HTTP/1.1" 200 1355 "http://localhost:9000/EditProfilePage.html" "Mozilla/5.0 (Linux; Android 6.0; Nexus 5 Build/MRA58N) AppleWebKit/537.36 (KHTML, like Gecko) Chrome/99.0.4844.83 Mobile Safari/537.36" {"metadata":{"emulator":{"name":"hosting"},"message":"::1 - - [26/Mar/2022:13:27:36 +0000] \"GET /css/editProfile.css HTTP/1.1\" 200 1355 \"http://localhost:9000/EditProfilePage.html\" \"Mozilla/5.0 (Linux; Android 6.0; Nexus 5 Build/MRA58N) AppleWebKit/537.36 (KHTML, like Gecko) Chrome/99.0.4844.83 Mobile Safari/537.36\""}}
[info] i  hosting: ::1 - - [26/Mar/2022:13:27:36 +0000] "GET /img/camera.svg HTTP/1.1" 200 997 "http://localhost:9000/EditProfilePage.html" "Mozilla/5.0 (Linux; Android 6.0; Nexus 5 Build/MRA58N) AppleWebKit/537.36 (KHTML, like Gecko) Chrome/99.0.4844.83 Mobile Safari/537.36" {"metadata":{"emulator":{"name":"hosting"},"message":"::1 - - [26/Mar/2022:13:27:36 +0000] \"GET /img/camera.svg HTTP/1.1\" 200 997 \"http://localhost:9000/EditProfilePage.html\" \"Mozilla/5.0 (Linux; Android 6.0; Nexus 5 Build/MRA58N) AppleWebKit/537.36 (KHTML, like Gecko) Chrome/99.0.4844.83 Mobile Safari/537.36\""}}
[info] i  hosting: ::1 - - [26/Mar/2022:13:27:36 +0000] "GET /img/profile_sample.jpg HTTP/1.1" 200 2425 "http://localhost:9000/EditProfilePage.html" "Mozilla/5.0 (Linux; Android 6.0; Nexus 5 Build/MRA58N) AppleWebKit/537.36 (KHTML, like Gecko) Chrome/99.0.4844.83 Mobile Safari/537.36" {"metadata":{"emulator":{"name":"hosting"},"message":"::1 - - [26/Mar/2022:13:27:36 +0000] \"GET /img/profile_sample.jpg HTTP/1.1\" 200 2425 \"http://localhost:9000/EditProfilePage.html\" \"Mozilla/5.0 (Linux; Android 6.0; Nexus 5 Build/MRA58N) AppleWebKit/537.36 (KHTML, like Gecko) Chrome/99.0.4844.83 Mobile Safari/537.36\""}}
[info] i  hosting: ::1 - - [26/Mar/2022:13:27:54 +0000] "GET /img/pool_app_icon.png HTTP/1.1" 200 745 "http://localhost:9000/ProfilePage.html" "Mozilla/5.0 (Linux; Android 6.0; Nexus 5 Build/MRA58N) AppleWebKit/537.36 (KHTML, like Gecko) Chrome/99.0.4844.83 Mobile Safari/537.36" {"metadata":{"emulator":{"name":"hosting"},"message":"::1 - - [26/Mar/2022:13:27:54 +0000] \"GET /img/pool_app_icon.png HTTP/1.1\" 200 745 \"http://localhost:9000/ProfilePage.html\" \"Mozilla/5.0 (Linux; Android 6.0; Nexus 5 Build/MRA58N) AppleWebKit/537.36 (KHTML, like Gecko) Chrome/99.0.4844.83 Mobile Safari/537.36\""}}
[debug] [2022-03-27T08:35:14.856Z] ----------------------------------------------------------------------
[debug] [2022-03-27T08:35:14.857Z] Command:       /opt/homebrew/Cellar/node/17.7.2/bin/node /opt/homebrew/bin/firebase serve --port=9000
[debug] [2022-03-27T08:35:14.857Z] CLI Version:   9.23.1
[debug] [2022-03-27T08:35:14.857Z] Platform:      darwin
[debug] [2022-03-27T08:35:14.857Z] Node Version:  v17.7.2
[debug] [2022-03-27T08:35:14.858Z] Time:          Sun Mar 27 2022 17:35:14 GMT+0900 (대한민국 표준시)
[debug] [2022-03-27T08:35:14.858Z] ----------------------------------------------------------------------
[debug] 
[debug] [2022-03-27T08:35:14.884Z] > command requires scopes: ["email","openid","https://www.googleapis.com/auth/cloudplatformprojects.readonly","https://www.googleapis.com/auth/firebase","https://www.googleapis.com/auth/cloud-platform"]
[debug] [2022-03-27T08:35:14.884Z] > authorizing via signed-in user (info@thepool.network)
[debug] [2022-03-27T08:35:14.884Z] [iam] checking project thepool-network for permissions ["firebase.projects.get"]
[debug] [2022-03-27T08:35:14.885Z] > refreshing access token with scopes: ["email","https://www.googleapis.com/auth/cloud-platform","https://www.googleapis.com/auth/cloudplatformprojects.readonly","https://www.googleapis.com/auth/firebase","openid"]
[debug] [2022-03-27T08:35:14.885Z] >>> HTTP REQUEST POST https://www.googleapis.com/oauth2/v3/token  
 <request body omitted>
[debug] [2022-03-27T08:35:15.123Z] <<< HTTP RESPONSE 200 {"pragma":"no-cache","expires":"Mon, 01 Jan 1990 00:00:00 GMT","date":"Sun, 27 Mar 2022 08:35:15 GMT","cache-control":"no-cache, no-store, max-age=0, must-revalidate","content-type":"application/json; charset=utf-8","vary":"X-Origin, Referer, Origin,Accept-Encoding","server":"scaffolding on HTTPServer2","x-xss-protection":"0","x-frame-options":"SAMEORIGIN","x-content-type-options":"nosniff","alt-svc":"h3=\":443\"; ma=2592000,h3-29=\":443\"; ma=2592000,h3-Q050=\":443\"; ma=2592000,h3-Q046=\":443\"; ma=2592000,h3-Q043=\":443\"; ma=2592000,quic=\":443\"; ma=2592000; v=\"46,43\"","accept-ranges":"none","transfer-encoding":"chunked"}
[debug] [2022-03-27T08:35:15.173Z] >>> HTTP REQUEST POST https://cloudresourcemanager.googleapis.com/v1/projects/thepool-network:testIamPermissions  
 {"permissions":["firebase.projects.get"]}
[debug] [2022-03-27T08:35:15.460Z] <<< HTTP RESPONSE 200 {"content-type":"application/json; charset=UTF-8","vary":"X-Origin, Referer, Origin,Accept-Encoding","date":"Sun, 27 Mar 2022 08:35:15 GMT","server":"ESF","cache-control":"private","x-xss-protection":"0","x-frame-options":"SAMEORIGIN","x-content-type-options":"nosniff","server-timing":"gfet4t7; dur=126","alt-svc":"h3=\":443\"; ma=2592000,h3-29=\":443\"; ma=2592000,h3-Q050=\":443\"; ma=2592000,h3-Q046=\":443\"; ma=2592000,h3-Q043=\":443\"; ma=2592000,quic=\":443\"; ma=2592000; v=\"46,43\"","accept-ranges":"none","transfer-encoding":"chunked"}
[debug] [2022-03-27T08:35:15.461Z] > refreshing access token with scopes: []
[debug] [2022-03-27T08:35:15.462Z] >>> HTTP REQUEST POST https://www.googleapis.com/oauth2/v3/token  
 <request body omitted>
[debug] [2022-03-27T08:35:15.684Z] <<< HTTP RESPONSE 200 {"cache-control":"no-cache, no-store, max-age=0, must-revalidate","pragma":"no-cache","expires":"Mon, 01 Jan 1990 00:00:00 GMT","date":"Sun, 27 Mar 2022 08:35:15 GMT","content-type":"application/json; charset=utf-8","vary":"X-Origin, Referer, Origin,Accept-Encoding","server":"scaffolding on HTTPServer2","x-xss-protection":"0","x-frame-options":"SAMEORIGIN","x-content-type-options":"nosniff","alt-svc":"h3=\":443\"; ma=2592000,h3-29=\":443\"; ma=2592000,h3-Q050=\":443\"; ma=2592000,h3-Q046=\":443\"; ma=2592000,h3-Q043=\":443\"; ma=2592000,quic=\":443\"; ma=2592000; v=\"46,43\"","accept-ranges":"none","transfer-encoding":"chunked"}
[debug] [2022-03-27T08:35:15.729Z] >>> [apiv2][query] GET https://firebase.googleapis.com/v1beta1/projects/thepool-network [none]
[debug] [2022-03-27T08:35:16.174Z] <<< [apiv2][status] GET https://firebase.googleapis.com/v1beta1/projects/thepool-network 200
[debug] [2022-03-27T08:35:16.174Z] <<< [apiv2][body] GET https://firebase.googleapis.com/v1beta1/projects/thepool-network {"projectId":"thepool-network","projectNumber":"175176652716","displayName":"thepool-network","name":"projects/thepool-network","resources":{"hostingSite":"thepool-network","storageBucket":"thepool-network.appspot.com","locationId":"asia-northeast3"},"state":"ACTIVE"}
[info] 
[info] === Serving from '/Users/sunbeom/Desktop/pool-backend'...
[info] 
[debug] [2022-03-27T08:35:16.176Z] >>> [apiv2][query] GET https://firebasehosting.googleapis.com/v1beta1/projects/thepool-network/sites 
[debug] [2022-03-27T08:35:17.398Z] <<< [apiv2][status] GET https://firebasehosting.googleapis.com/v1beta1/projects/thepool-network/sites 200
[debug] [2022-03-27T08:35:17.398Z] <<< [apiv2][body] GET https://firebasehosting.googleapis.com/v1beta1/projects/thepool-network/sites {"sites":[{"name":"projects/175176652716/sites/thepool-network","defaultUrl":"https://thepool-network.web.app","appId":"1:175176652716:web:b619e1f4145a86a3a18c09","type":"DEFAULT_SITE"}]}
[debug] [2022-03-27T08:35:17.399Z] >>> [apiv2][query] GET https://firebase.googleapis.com/v1beta1/projects/thepool-network/webApps/1:175176652716:web:b619e1f4145a86a3a18c09/config [none]
[debug] [2022-03-27T08:35:18.730Z] <<< [apiv2][status] GET https://firebase.googleapis.com/v1beta1/projects/thepool-network/webApps/1:175176652716:web:b619e1f4145a86a3a18c09/config 200
[debug] [2022-03-27T08:35:18.731Z] <<< [apiv2][body] GET https://firebase.googleapis.com/v1beta1/projects/thepool-network/webApps/1:175176652716:web:b619e1f4145a86a3a18c09/config {"projectId":"thepool-network","appId":"1:175176652716:web:b619e1f4145a86a3a18c09","storageBucket":"thepool-network.appspot.com","locationId":"asia-northeast3","apiKey":"AIzaSyAJBr6vj4FDl8qXefIp67SW7wnkhDiAhYc","authDomain":"thepool-network.firebaseapp.com","messagingSenderId":"175176652716","measurementId":"G-KLWRLPPM6H"}
[info] i  hosting: Serving hosting files from: public {"metadata":{"emulator":{"name":"hosting"},"message":"Serving hosting files from: \u001b[1mpublic\u001b[22m"}}
[info] ✔  hosting: Local server: http://localhost:9000 {"metadata":{"emulator":{"name":"hosting"},"message":"Local server: \u001b[4m\u001b[1mhttp://localhost:9000\u001b[22m\u001b[24m"}}
[info] i  hosting: 127.0.0.1 - - [27/Mar/2022:08:35:21 +0000] "GET / HTTP/1.1" 200 1379 "-" "Mozilla/5.0 (Macintosh; Intel Mac OS X 10_15_7) AppleWebKit/537.36 (KHTML, like Gecko) Chrome/99.0.4844.83 Safari/537.36" {"metadata":{"emulator":{"name":"hosting"},"message":"127.0.0.1 - - [27/Mar/2022:08:35:21 +0000] \"GET / HTTP/1.1\" 200 1379 \"-\" \"Mozilla/5.0 (Macintosh; Intel Mac OS X 10_15_7) AppleWebKit/537.36 (KHTML, like Gecko) Chrome/99.0.4844.83 Safari/537.36\""}}
[info] i  hosting: 127.0.0.1 - - [27/Mar/2022:08:35:21 +0000] "GET /favicon.ico HTTP/1.1" 404 1808 "http://localhost:9000/" "Mozilla/5.0 (Macintosh; Intel Mac OS X 10_15_7) AppleWebKit/537.36 (KHTML, like Gecko) Chrome/99.0.4844.83 Safari/537.36" {"metadata":{"emulator":{"name":"hosting"},"message":"127.0.0.1 - - [27/Mar/2022:08:35:21 +0000] \"GET /favicon.ico HTTP/1.1\" 404 1808 \"http://localhost:9000/\" \"Mozilla/5.0 (Macintosh; Intel Mac OS X 10_15_7) AppleWebKit/537.36 (KHTML, like Gecko) Chrome/99.0.4844.83 Safari/537.36\""}}
